<?xml version="1.0" encoding="UTF-8"?>
<!-- Generated by org.testng.reporters.JUnitReportReporter -->
<testsuite hostname="LAPTOP-G735JHSB" name="com.hrms.testscripts.TC02" tests="1" failures="0" timestamp="4 Feb 2021 03:15:48 GMT" time="4.208" errors="0">
  <testcase name="tc02" time="4.208" classname="com.hrms.testscripts.TC02"/>
</testsuite> <!-- com.hrms.testscripts.TC02 -->
